<?xml version="1.0" encoding="UTF-8"?>
<testng-results skipped="0" failed="0" total="1" passed="1">
  <reporter-output>
  </reporter-output>
  <suite name="CustomerSuite" duration-ms="10746" started-at="2019-07-10T03:00:38Z" finished-at="2019-07-10T03:00:49Z">
    <groups>
    </groups>
    <test name="CustomerTest" duration-ms="10746" started-at="2019-07-10T03:00:38Z" finished-at="2019-07-10T03:00:49Z">
      <class name="com.onsolve.exercise.runner.LeadFormCaptureTest">
        <test-method status="PASS" signature="setUp()[pri:0, instance:com.onsolve.exercise.runner.LeadFormCaptureTest@12c8a2c0]" name="setUp" is-config="true" duration-ms="2757" started-at="2019-07-10T10:00:38Z" finished-at="2019-07-10T10:00:41Z">
          <reporter-output>
          </reporter-output>
        </test-method> <!-- setUp -->
        <test-method status="PASS" signature="initTestReport(java.lang.reflect.Method)[pri:0, instance:com.onsolve.exercise.runner.LeadFormCaptureTest@12c8a2c0]" name="initTestReport" is-config="true" duration-ms="8" started-at="2019-07-10T10:00:41Z" finished-at="2019-07-10T10:00:41Z">
          <params>
            <param index="0">
              <value>
                <![CDATA[public void com.onsolve.exercise.runner.LeadFormCaptureTest.submitLeadFormSuccessfully() throws javax.xml.parsers.ParserConfigurationException,com.mashape.unirest.http.exceptions.UnirestException,org.xml.sax.SAXException,javax.xml.xpath.XPathExpressionException,java.io.IOException]]>
              </value>
            </param>
          </params>
          <reporter-output>
          </reporter-output>
        </test-method> <!-- initTestReport -->
        <test-method status="PASS" signature="submitLeadFormSuccessfully()[pri:0, instance:com.onsolve.exercise.runner.LeadFormCaptureTest@12c8a2c0]" name="submitLeadFormSuccessfully" duration-ms="7871" started-at="2019-07-10T10:00:41Z" finished-at="2019-07-10T10:00:49Z">
          <reporter-output>
          </reporter-output>
        </test-method> <!-- submitLeadFormSuccessfully -->
        <test-method status="PASS" signature="tearDown()[pri:0, instance:com.onsolve.exercise.runner.LeadFormCaptureTest@12c8a2c0]" name="tearDown" is-config="true" duration-ms="98" started-at="2019-07-10T10:00:49Z" finished-at="2019-07-10T10:00:49Z">
          <reporter-output>
          </reporter-output>
        </test-method> <!-- tearDown -->
      </class> <!-- com.onsolve.exercise.runner.LeadFormCaptureTest -->
    </test> <!-- CustomerTest -->
  </suite> <!-- CustomerSuite -->
</testng-results>
